{"label":"Login","level":"info","message":"User t@t.com logged in","service":"user-service"}
{"label":"Login","level":"info","message":"User t@t.com logged in","service":"user-service"}
{"label":"Login","level":"info","message":"User t@t.com logged in","service":"user-service"}
{"label":"Login","level":"info","message":"User t@t.com logged in","service":"user-service"}
{"label":"Login","level":"info","message":"User t@t.com logged in","service":"user-service"}
{"label":"Login","level":"info","message":"User t@t.com logged in","service":"user-service"}
{"label":"Login","level":"info","message":"User t@t.com logged in","service":"user-service"}
{"label":"Login","level":"info","message":"User t@t.com logged in","service":"user-service"}
{"label":"Login","level":"info","message":"User t@t.com logged in","service":"user-service"}
{"level":"info","message":"Backend hit","service":"user-service"}
{"level":"info","message":"Server running at: http://localhost:3000","service":"user-service"}
{"level":"info","message":"Server running at: http://localhost:3000","service":"user-service"}
{"level":"info","message":"Server running at: http://localhost:3000","service":"user-service"}
{"level":"info","message":"Server running at: http://localhost:3000","service":"user-service"}
{"level":"info","message":"Server running at: http://localhost:3000","service":"user-service"}
{"level":"info","message":"Server running at: http://localhost:3000","service":"user-service"}
{"level":"info","message":"Server running at: http://localhost:3000","service":"user-service"}
{"level":"info","message":"Server running at: http://localhost:3000","service":"user-service"}
{"level":"info","message":"Server running at: http://localhost:3000","service":"user-service"}
{"level":"info","message":"Server running at: http://localhost:3000","service":"user-service"}
{"level":"info","message":"Server running at: http://localhost:3000","service":"user-service"}
{"level":"info","message":"Server running at: http://localhost:3000","service":"user-service"}
{"level":"info","message":"Server running at: http://localhost:3000","service":"user-service"}
{"level":"info","message":"Server running at: http://localhost:3000","service":"user-service"}
{"level":"info","message":"Server running at: http://localhost:3000","service":"user-service"}
{"level":"info","message":"Server running at: http://localhost:3000","service":"user-service"}
{"level":"info","message":"Server running at: http://localhost:3000","service":"user-service"}
{"level":"info","message":"Server running at: http://localhost:3000","service":"user-service"}
{"level":"info","message":"Server running at: http://localhost:3000","service":"user-service"}
{"level":"info","message":"Server running at: http://localhost:3000","service":"user-service"}
{"level":"info","message":"Server running at: http://localhost:3000","service":"user-service"}
{"level":"info","message":"Server running at: http://localhost:3000","service":"user-service"}
{"level":"info","message":"Server running at: http://localhost:3000","service":"user-service"}
{"level":"info","message":"Backend hit","service":"user-service"}
{"level":"info","message":"Server running at: http://localhost:3000","service":"user-service"}
{"level":"info","message":"Server running at: http://localhost:3000","service":"user-service"}
{"level":"info","message":"Server running at: http://localhost:3000","service":"user-service"}
{"level":"info","message":"Server running at: http://localhost:3000","service":"user-service"}
{"level":"info","message":"Server running at: http://localhost:3000","service":"user-service"}
{"level":"info","message":"Server running at: http://localhost:3000","service":"user-service"}
{"level":"info","message":"Server running at: http://localhost:3000","service":"user-service"}
{"level":"info","message":"Server running at: http://localhost:3000","service":"user-service"}
{"level":"info","message":"Server running at: http://localhost:3000","service":"user-service"}
{"level":"info","message":"Server running at: http://localhost:3000","service":"user-service"}
{"level":"info","message":"Server stopped","service":"user-service"}
{"level":"info","message":"Server running at: http://localhost:3000","service":"user-service"}
{"level":"info","message":"Server running at: http://localhost:3000","service":"user-service"}
{"level":"info","message":"Server running at: http://localhost:3000","service":"user-service"}
{"level":"info","message":"Server running at: http://localhost:3000","service":"user-service"}
{"label":"Login","level":"info","message":"User t1@t3.com logged in","service":"user-service"}
{"label":"Create Account","level":"info","message":"New user created: waerawr","service":"user-service"}
{"level":"info","message":"Server running at: http://localhost:3000","service":"user-service"}
{"level":"info","message":"Server running at: http://localhost:3000","service":"user-service"}
{"level":"info","message":"Server running at: http://localhost:3000","service":"user-service"}
{"level":"info","message":"Server running at: http://localhost:3000","service":"user-service"}
{"level":"info","message":"Server running at: http://localhost:3000","service":"user-service"}
{"level":"info","message":"Server running at: http://localhost:3000","service":"user-service"}
{"label":"Create Account","level":"info","message":"New user created: tester","service":"user-service"}
{"level":"info","message":"Server stopped","service":"user-service"}
{"level":"info","message":"Server running at: http://localhost:3000","service":"user-service"}
{"level":"info","message":"Server running at: http://localhost:3000","service":"user-service"}
{"level":"info","message":"Server running at: http://localhost:3000","service":"user-service"}
{"level":"info","message":"Server running at: http://localhost:3000","service":"user-service"}
{"level":"info","message":"Server running at: http://localhost:3000","service":"user-service"}
{"level":"info","message":"Server running at: http://localhost:3000","service":"user-service"}
{"level":"info","message":"Server running at: http://localhost:3000","service":"user-service"}
{"level":"info","message":"Server running at: http://localhost:3000","service":"user-service"}
{"level":"info","message":"Server running at: http://localhost:3000","service":"user-service"}
{"level":"info","message":"Server running at: http://localhost:3000","service":"user-service"}
{"level":"info","message":"Server running at: http://localhost:3000","service":"user-service"}
{"level":"info","message":"Server running at: http://localhost:3000","service":"user-service"}
{"level":"info","message":"Server running at: http://localhost:3000","service":"user-service"}
{"level":"info","message":"Server running at: http://localhost:3000","service":"user-service"}
{"label":"Login","level":"info","message":"User test@test.com logged in","service":"user-service"}
{"label":"Login","level":"info","message":"User test@test.com logged in","service":"user-service"}
{"label":"Login","level":"info","message":"User test@test.com logged in","service":"user-service"}
{"label":"Login","level":"info","message":"User test@test.com logged in","service":"user-service"}
{"label":"Login","level":"info","message":"User test@test.com logged in","service":"user-service"}
{"label":"Login","level":"info","message":"User test@test.com logged in","service":"user-service"}
{"label":"Login","level":"info","message":"User test@test.com logged in","service":"user-service"}
{"level":"info","message":"Server running at: http://localhost:3000","service":"user-service"}
{"label":"Login","level":"info","message":"User test@test.com logged in","service":"user-service"}
{"label":"Login","level":"info","message":"User test@test.com logged in","service":"user-service"}
{"label":"Login","level":"info","message":"User test@test.com logged in","service":"user-service"}
{"level":"info","message":"Server running at: http://localhost:3000","service":"user-service"}
{"label":"Login","level":"info","message":"User test@test.com logged in","service":"user-service"}
{"label":"Login","level":"info","message":"User test@test.com logged in","service":"user-service"}
{"label":"Login","level":"info","message":"User test@test.com logged in","service":"user-service"}
{"label":"Login","level":"info","message":"User test@test.com logged in","service":"user-service"}
{"label":"Login","level":"info","message":"User test@test.com logged in","service":"user-service"}
{"label":"Login","level":"info","message":"User test@test.com logged in","service":"user-service"}
{"label":"Login","level":"info","message":"User test@test.com logged in","service":"user-service"}
{"level":"info","message":"Server running at: http://localhost:3000","service":"user-service"}
{"level":"info","message":"Server running at: http://localhost:3000","service":"user-service"}
{"label":"Login","level":"info","message":"User test@test.com logged in","service":"user-service"}
{"level":"info","message":"Server running at: http://localhost:3000","service":"user-service"}
{"level":"info","message":"Server running at: http://localhost:3000","service":"user-service"}
{"level":"info","message":"Server running at: http://localhost:3000","service":"user-service"}
{"level":"info","message":"Server running at: http://localhost:3000","service":"user-service"}
{"level":"info","message":"Server running at: http://localhost:3000","service":"user-service"}
